<?xml version="1.0" encoding="UTF-8"?>
<coverage generated="1698046105402" clover="3.2.0">
  <project timestamp="1698046105402" name="All files">
    <metrics statements="50" coveredstatements="50" conditionals="1" coveredconditionals="1" methods="25" coveredmethods="25" elements="76" coveredelements="76" complexity="0" loc="50" ncloc="50" packages="2" files="7" classes="7"/>
    <package name="classes">
      <metrics statements="46" coveredstatements="46" conditionals="1" coveredconditionals="1" methods="23" coveredmethods="23"/>
      <file name="customer.ts" path="C:\Users\marci\OneDrive\Área de Trabalho\repositorio\ts-jest\src\completeSolid\classes\customer.ts">
        <metrics statements="11" coveredstatements="11" conditionals="0" coveredconditionals="0" methods="6" coveredmethods="6"/>
        <line num="3" count="1" type="stmt"/>
        <line num="13" count="2" type="stmt"/>
        <line num="14" count="2" type="stmt"/>
        <line num="15" count="2" type="stmt"/>
        <line num="20" count="1" type="stmt"/>
        <line num="24" count="1" type="stmt"/>
        <line num="29" count="1" type="stmt"/>
        <line num="37" count="2" type="stmt"/>
        <line num="38" count="2" type="stmt"/>
        <line num="42" count="1" type="stmt"/>
        <line num="47" count="1" type="stmt"/>
      </file>
      <file name="discount.ts" path="C:\Users\marci\OneDrive\Área de Trabalho\repositorio\ts-jest\src\completeSolid\classes\discount.ts">
        <metrics statements="8" coveredstatements="8" conditionals="0" coveredconditionals="0" methods="4" coveredmethods="4"/>
        <line num="1" count="2" type="stmt"/>
        <line num="2" count="10" type="stmt"/>
        <line num="5" count="6" type="stmt"/>
        <line num="9" count="2" type="stmt"/>
        <line num="10" count="1" type="stmt"/>
        <line num="13" count="2" type="stmt"/>
        <line num="14" count="1" type="stmt"/>
        <line num="17" count="2" type="stmt"/>
      </file>
      <file name="order.ts" path="C:\Users\marci\OneDrive\Área de Trabalho\repositorio\ts-jest\src\completeSolid\classes\order.ts">
        <metrics statements="15" coveredstatements="15" conditionals="1" coveredconditionals="1" methods="3" coveredmethods="3"/>
        <line num="7" count="1" type="stmt"/>
        <line num="8" count="5" type="stmt"/>
        <line num="11" count="5" type="stmt"/>
        <line num="12" count="5" type="stmt"/>
        <line num="13" count="5" type="stmt"/>
        <line num="14" count="5" type="stmt"/>
        <line num="18" count="2" type="stmt"/>
        <line num="22" count="5" type="cond" truecount="1" falsecount="0"/>
        <line num="23" count="1" type="stmt"/>
        <line num="24" count="1" type="stmt"/>
        <line num="27" count="4" type="stmt"/>
        <line num="28" count="4" type="stmt"/>
        <line num="29" count="4" type="stmt"/>
        <line num="30" count="4" type="stmt"/>
        <line num="31" count="4" type="stmt"/>
      </file>
      <file name="products.ts" path="C:\Users\marci\OneDrive\Área de Trabalho\repositorio\ts-jest\src\completeSolid\classes\products.ts">
        <metrics statements="2" coveredstatements="2" conditionals="0" coveredconditionals="0" methods="1" coveredmethods="1"/>
        <line num="3" count="1" type="stmt"/>
        <line num="4" count="1" type="stmt"/>
      </file>
      <file name="shopping-cart.ts" path="C:\Users\marci\OneDrive\Área de Trabalho\repositorio\ts-jest\src\completeSolid\classes\shopping-cart.ts">
        <metrics statements="10" coveredstatements="10" conditionals="0" coveredconditionals="0" methods="9" coveredmethods="9"/>
        <line num="5" count="1" type="stmt"/>
        <line num="6" count="7" type="stmt"/>
        <line num="8" count="7" type="stmt"/>
        <line num="11" count="12" type="stmt"/>
        <line num="15" count="2" type="stmt"/>
        <line num="19" count="5" type="stmt"/>
        <line num="23" count="10" type="stmt"/>
        <line num="27" count="3" type="stmt"/>
        <line num="31" count="3" type="stmt"/>
        <line num="35" count="1" type="stmt"/>
      </file>
    </package>
    <package name="services">
      <metrics statements="4" coveredstatements="4" conditionals="0" coveredconditionals="0" methods="2" coveredmethods="2"/>
      <file name="messaging.ts" path="C:\Users\marci\OneDrive\Área de Trabalho\repositorio\ts-jest\src\completeSolid\services\messaging.ts">
        <metrics statements="2" coveredstatements="2" conditionals="0" coveredconditionals="0" methods="1" coveredmethods="1"/>
        <line num="3" count="1" type="stmt"/>
        <line num="5" count="3" type="stmt"/>
      </file>
      <file name="persistency.ts" path="C:\Users\marci\OneDrive\Área de Trabalho\repositorio\ts-jest\src\completeSolid\services\persistency.ts">
        <metrics statements="2" coveredstatements="2" conditionals="0" coveredconditionals="0" methods="1" coveredmethods="1"/>
        <line num="3" count="1" type="stmt"/>
        <line num="5" count="3" type="stmt"/>
      </file>
    </package>
  </project>
</coverage>
